This is pdfTeX, Version 3.1415926-1.40.10 (TeX Live 2009/Debian) (format=latex 2011.4.6)  26 NOV 2012 13:26
entering extended mode
 %&-line parsing enabled.
**fast.tex
(./fast.tex
LaTeX2e <2009/09/24>
Babel <v3.8l> and hyphenation patterns for english, usenglishmax, dumylang, noh
yphenation, loaded.
(/usr/share/texmf-texlive/tex/latex/base/report.cls
Document Class: report 2007/10/19 v1.4h Standard LaTeX document class
(/usr/share/texmf-texlive/tex/latex/base/size12.clo
File: size12.clo 2007/10/19 v1.4h Standard LaTeX file (size option)
)
\c@part=\count79
\c@chapter=\count80
\c@section=\count81
\c@subsection=\count82
\c@subsubsection=\count83
\c@paragraph=\count84
\c@subparagraph=\count85
\c@figure=\count86
\c@table=\count87
\abovecaptionskip=\skip41
\belowcaptionskip=\skip42
\bibindent=\dimen102
)
(/usr/share/texmf-texlive/tex/latex/graphics/graphicx.sty
Package: graphicx 1999/02/16 v1.0f Enhanced LaTeX Graphics (DPC,SPQR)

(/usr/share/texmf-texlive/tex/latex/graphics/keyval.sty
Package: keyval 1999/03/16 v1.13 key=value parser (DPC)
\KV@toks@=\toks14
)
(/usr/share/texmf-texlive/tex/latex/graphics/graphics.sty
Package: graphics 2009/02/05 v1.0o Standard LaTeX Graphics (DPC,SPQR)

(/usr/share/texmf-texlive/tex/latex/graphics/trig.sty
Package: trig 1999/03/16 v1.09 sin cos tan (DPC)
)
(/etc/texmf/tex/latex/config/graphics.cfg
File: graphics.cfg 2009/08/28 v1.8 graphics configuration of TeX Live
)
Package graphics Info: Driver file: dvips.def on input line 91.

(/usr/share/texmf-texlive/tex/latex/graphics/dvips.def
File: dvips.def 1999/02/16 v3.0i Driver-dependant file (DPC,SPQR)
))
\Gin@req@height=\dimen103
\Gin@req@width=\dimen104
)
(/usr/share/texmf-texlive/tex/latex/graphics/color.sty
Package: color 2005/11/14 v1.0j Standard LaTeX Color (DPC)

(/etc/texmf/tex/latex/config/color.cfg
File: color.cfg 2007/01/18 v1.5 color configuration of teTeX/TeXLive
)
Package color Info: Driver file: dvips.def on input line 130.

(/usr/share/texmf-texlive/tex/latex/graphics/dvipsnam.def
File: dvipsnam.def 1999/02/16 v3.0i Driver-dependant file (DPC,SPQR)
))
(/usr/share/texmf-texlive/tex/latex/tools/enumerate.sty
Package: enumerate 1999/03/05 v3.00 enumerate extensions (DPC)
\@enLab=\toks15
) (./fast.aux)
\openout1 = `fast.aux'.

LaTeX Font Info:    Checking defaults for OML/cmm/m/it on input line 37.
LaTeX Font Info:    ... okay on input line 37.
LaTeX Font Info:    Checking defaults for T1/cmr/m/n on input line 37.
LaTeX Font Info:    ... okay on input line 37.
LaTeX Font Info:    Checking defaults for OT1/cmr/m/n on input line 37.
LaTeX Font Info:    ... okay on input line 37.
LaTeX Font Info:    Checking defaults for OMS/cmsy/m/n on input line 37.
LaTeX Font Info:    ... okay on input line 37.
LaTeX Font Info:    Checking defaults for OMX/cmex/m/n on input line 37.
LaTeX Font Info:    ... okay on input line 37.
LaTeX Font Info:    Checking defaults for U/cmr/m/n on input line 37.
LaTeX Font Info:    ... okay on input line 37.
LaTeX Font Info:    External font `cmex10' loaded for size
(Font)              <14.4> on input line 38.
LaTeX Font Info:    External font `cmex10' loaded for size
(Font)              <7> on input line 38.


LaTeX Warning: No \author given.

[1

] (./fast.toc
LaTeX Font Info:    External font `cmex10' loaded for size
(Font)              <12> on input line 2.
LaTeX Font Info:    External font `cmex10' loaded for size
(Font)              <8> on input line 2.
LaTeX Font Info:    External font `cmex10' loaded for size
(Font)              <6> on input line 2.
 [1

])
\tf@toc=\write3
\openout3 = `fast.toc'.

 [2]
Chapter 1.
[3

] [4]
Chapter 2.
[5

]
Chapter 3.

Overfull \hbox (48.201pt too wide) in paragraph at lines 92--93
\OT1/cmr/m/n/12 widespread use of the Ku-rucz atomic line database (http://kuru
cz.harvard.edu/),
 []

LaTeX Font Info:    External font `cmex10' loaded for size
(Font)              <5> on input line 98.
[6

]
File: fast_new.eps Graphic file (type eps)
 <fast_new.eps>
Overfull \hbox (8.33858pt too wide) in paragraph at lines 113--114
[][] 
 []

File: Fast_Flow1.eps Graphic file (type eps)
<Fast_Flow1.eps>
Overfull \hbox (3.57437pt too wide) in paragraph at lines 120--121
 [][] 
 []

[7] [8] [9] [10] [11]
LaTeX Font Info:    Try loading font information for OMS+cmr on input line 194.

 (/usr/share/texmf-texlive/tex/latex/base/omscmr.fd
File: omscmr.fd 1999/05/25 v2.5h Standard LaTeX font definitions
)
LaTeX Font Info:    Font shape `OMS/cmr/m/n' in size <12> not available
(Font)              Font shape `OMS/cmsy/m/n' tried instead on input line 194.

[12] [13] [14] [15]
Chapter 4.
File: Fast_Flow2.eps Graphic file (type eps)
<Fast_Flow2.eps> [16

] [17] [18]
Overfull \hbox (11.83401pt too wide) in paragraph at lines 315--316
\OT1/cmr/m/n/12 To de-ter-mine the ex-per-i-men-tal un-cer-tain-ties in branch-
ing frac-tions and log(gf)s,
 []

[19] [20] [21]
Chapter 5.
[22

] [23]
File: Tutorial1.eps Graphic file (type eps)
 <Tutorial1.eps>
File: Tutorial2.eps Graphic file (type eps)
 <Tutorial2.eps>
Overfull \hbox (8.33858pt too wide) in paragraph at lines 378--379
 [][] 
 []

File: Tutorial3.eps Graphic file (type eps)
<Tutorial3.eps>
Overfull \hbox (8.33858pt too wide) in paragraph at lines 384--385
 [][] 
 []

File: Tutorial4a.eps Graphic file (type eps)
<Tutorial4a.eps>
File: Tutorial4.eps Graphic file (type eps)
 <Tutorial4.eps>
Overfull \hbox (8.33858pt too wide) in paragraph at lines 396--397
 [][] 
 []

File: Tutorial5.eps Graphic file (type eps)
<Tutorial5.eps>
Overfull \hbox (8.33858pt too wide) in paragraph at lines 402--403
 [][] 
 []

File: Tutorial6.eps Graphic file (type eps)
<Tutorial6.eps>
Overfull \hbox (8.33858pt too wide) in paragraph at lines 408--409
 [][] 
 []

File: Tutorial7.eps Graphic file (type eps)
<Tutorial7.eps>
File: Tutorial8.eps Graphic file (type eps)
 <Tutorial8.eps>
Overfull \hbox (4.97562pt too wide) in paragraph at lines 420--421
 [][] 
 []

File: Tutorial9.eps Graphic file (type eps)
<Tutorial9.eps>
File: Tutorial10.eps Graphic file (type eps)
 <Tutorial10.eps>
Overfull \hbox (8.33858pt too wide) in paragraph at lines 432--433
 [][] 
 []

File: Tutorial11.eps Graphic file (type eps)
<Tutorial11.eps>
Overfull \hbox (8.33858pt too wide) in paragraph at lines 438--439
 [][] 
 []

File: Tutorial12.eps Graphic file (type eps)
<Tutorial12.eps>
Overfull \hbox (8.33858pt too wide) in paragraph at lines 444--445
 [][] 
 []

File: Tutorial13.eps Graphic file (type eps)
<Tutorial13.eps>
Overfull \hbox (8.33858pt too wide) in paragraph at lines 450--451
 [][] 
 []

File: Tutorial14.eps Graphic file (type eps)
<Tutorial14.eps>
File: Tutorial15.eps Graphic file (type eps)
 <Tutorial15.eps>
File: Tutorial16.eps Graphic file (type eps)
 <Tutorial16.eps> [24] [25] [26] [27] [28]
[29] [30] [31] [32] [33] [34] [35] (./fast.aux) ) 
Here is how much of TeX's memory you used:
 881 strings out of 495062
 11414 string characters out of 1182645
 61700 words of memory out of 3000000
 4071 multiletter control sequences out of 15000+50000
 11175 words of font info for 39 fonts, out of 3000000 for 9000
 30 hyphenation exceptions out of 8191
 25i,8n,19p,742b,262s stack positions out of 5000i,500n,10000p,200000b,50000s

Output written on fast.dvi (36 pages, 70936 bytes).
